Performing C SOURCE FILE Test CMAKE_HAVE_LIBC_PTHREAD failed with the following output:
Change Dir: /home/laptop/catkin_ws/build/rotors_gazebo/CMakeFiles/CMakeTmp

Run Build Command(s):/usr/bin/make cmTC_58547/fast && /usr/bin/make  -f CMakeFiles/cmTC_58547.dir/build.make CMakeFiles/cmTC_58547.dir/build
make[1]: Entering directory '/home/laptop/catkin_ws/build/rotors_gazebo/CMakeFiles/CMakeTmp'
Building C object CMakeFiles/cmTC_58547.dir/src.c.o
/usr/bin/cc   -DCMAKE_HAVE_LIBC_PTHREAD -o CMakeFiles/cmTC_58547.dir/src.c.o -c /home/laptop/catkin_ws/build/rotors_gazebo/CMakeFiles/CMakeTmp/src.c
Linking C executable cmTC_58547
/home/laptop/.local/lib/python2.7/site-packages/cmake/data/bin/cmake -E cmake_link_script CMakeFiles/cmTC_58547.dir/link.txt --verbose=1
/usr/bin/cc  -DCMAKE_HAVE_LIBC_PTHREAD -rdynamic CMakeFiles/cmTC_58547.dir/src.c.o -o cmTC_58547 
CMakeFiles/cmTC_58547.dir/src.c.o: In function `main':
src.c:(.text+0x3e): undefined reference to `pthread_create'
src.c:(.text+0x4a): undefined reference to `pthread_detach'
src.c:(.text+0x56): undefined reference to `pthread_cancel'
src.c:(.text+0x67): undefined reference to `pthread_join'
src.c:(.text+0x7b): undefined reference to `pthread_atfork'
collect2: error: ld returned 1 exit status
CMakeFiles/cmTC_58547.dir/build.make:105: recipe for target 'cmTC_58547' failed
make[1]: *** [cmTC_58547] Error 1
make[1]: Leaving directory '/home/laptop/catkin_ws/build/rotors_gazebo/CMakeFiles/CMakeTmp'
Makefile:140: recipe for target 'cmTC_58547/fast' failed
make: *** [cmTC_58547/fast] Error 2


Source file was:
#include <pthread.h>

void* test_func(void* data)
{
  return data;
}

int main(void)
{
  pthread_t thread;
  pthread_create(&thread, NULL, test_func, NULL);
  pthread_detach(thread);
  pthread_cancel(thread);
  pthread_join(thread, NULL);
  pthread_atfork(NULL, NULL, NULL);
  pthread_exit(NULL);

  return 0;
}

Determining if the function pthread_create exists in the pthreads failed with the following output:
Change Dir: /home/laptop/catkin_ws/build/rotors_gazebo/CMakeFiles/CMakeTmp

Run Build Command(s):/usr/bin/make cmTC_53bac/fast && /usr/bin/make  -f CMakeFiles/cmTC_53bac.dir/build.make CMakeFiles/cmTC_53bac.dir/build
make[1]: Entering directory '/home/laptop/catkin_ws/build/rotors_gazebo/CMakeFiles/CMakeTmp'
Building C object CMakeFiles/cmTC_53bac.dir/CheckFunctionExists.c.o
/usr/bin/cc   -DCHECK_FUNCTION_EXISTS=pthread_create -o CMakeFiles/cmTC_53bac.dir/CheckFunctionExists.c.o -c /home/laptop/.local/lib/python2.7/site-packages/cmake/data/share/cmake-3.18/Modules/CheckFunctionExists.c
Linking C executable cmTC_53bac
/home/laptop/.local/lib/python2.7/site-packages/cmake/data/bin/cmake -E cmake_link_script CMakeFiles/cmTC_53bac.dir/link.txt --verbose=1
/usr/bin/cc  -DCHECK_FUNCTION_EXISTS=pthread_create -rdynamic CMakeFiles/cmTC_53bac.dir/CheckFunctionExists.c.o -o cmTC_53bac  -lpthreads 
/usr/bin/ld: cannot find -lpthreads
collect2: error: ld returned 1 exit status
CMakeFiles/cmTC_53bac.dir/build.make:105: recipe for target 'cmTC_53bac' failed
make[1]: *** [cmTC_53bac] Error 1
make[1]: Leaving directory '/home/laptop/catkin_ws/build/rotors_gazebo/CMakeFiles/CMakeTmp'
Makefile:140: recipe for target 'cmTC_53bac/fast' failed
make: *** [cmTC_53bac/fast] Error 2



